# JRE version: Java(TM) SE Runtime Environment (8.0_73-b02) (build 1.8.0_73-b02)
# Java VM: Java HotSpot(TM) 64-Bit Server VM (25.73-b02 mixed mode windows-amd64 compressed oops)
Heap:
 PSYoungGen      total 352768K, used 2411K [0x00000000d5f80000, 0x00000000ecc80000, 0x0000000100000000)
  eden space 347136K, 0% used [0x00000000d5f80000,0x00000000d61dac68,0x00000000eb280000)
  from space 5632K, 0% used [0x00000000eb280000,0x00000000eb280000,0x00000000eb800000)
  to   space 13312K, 0% used [0x00000000ebf80000,0x00000000ebf80000,0x00000000ecc80000)
 ParOldGen       total 127488K, used 31477K [0x0000000081e00000, 0x0000000089a80000, 0x00000000d5f80000)
  object space 127488K, 24% used [0x0000000081e00000,0x0000000083cbd680,0x0000000089a80000)
 Metaspace       used 69519K, capacity 73650K, committed 73876K, reserved 1114112K
  class space    used 8935K, capacity 9789K, committed 9916K, reserved 1048576K
GC Heap History (10 events):
Event: 2458.493 GC heap before
{Heap before GC invocations=34 (full 13):
 PSYoungGen      total 351744K, used 4485K [0x00000000d5f80000, 0x00000000ecd80000, 0x0000000100000000)
  eden space 347136K, 0% used [0x00000000d5f80000,0x00000000d5f80000,0x00000000eb280000)
  from space 4608K, 97% used [0x00000000eb280000,0x00000000eb6e1748,0x00000000eb700000)
  to   space 13824K, 0% used [0x00000000ec000000,0x00000000ec000000,0x00000000ecd80000)
 ParOldGen       total 127488K, used 28371K [0x0000000081e00000, 0x0000000089a80000, 0x00000000d5f80000)
  object space 127488K, 22% used [0x0000000081e00000,0x00000000839b4e90,0x0000000089a80000)
 Metaspace       used 66151K, capacity 70148K, committed 70292K, reserved 1110016K
  class space    used 8604K, capacity 9392K, committed 9404K, reserved 1048576K
Event: 2458.670 GC heap after
Heap after GC invocations=34 (full 13):
 PSYoungGen      total 351744K, used 0K [0x00000000d5f80000, 0x00000000ecd80000, 0x0000000100000000)
  eden space 347136K, 0% used [0x00000000d5f80000,0x00000000d5f80000,0x00000000eb280000)
  from space 4608K, 0% used [0x00000000eb280000,0x00000000eb280000,0x00000000eb700000)
  to   space 13824K, 0% used [0x00000000ec000000,0x00000000ec000000,0x00000000ecd80000)
 ParOldGen       total 127488K, used 27892K [0x0000000081e00000, 0x0000000089a80000, 0x00000000d5f80000)
  object space 127488K, 21% used [0x0000000081e00000,0x000000008393d3b8,0x0000000089a80000)
 Metaspace       used 66148K, capacity 70142K, committed 70292K, reserved 1110016K
  class space    used 8603K, capacity 9390K, committed 9404K, reserved 1048576K
}
Event: 2927.571 GC heap before
{Heap before GC invocations=35 (full 13):
 PSYoungGen      total 351744K, used 324596K [0x00000000d5f80000, 0x00000000ecd80000, 0x0000000100000000)
  eden space 347136K, 93% used [0x00000000d5f80000,0x00000000e9c7d288,0x00000000eb280000)
  from space 4608K, 0% used [0x00000000eb280000,0x00000000eb280000,0x00000000eb700000)
  to   space 13824K, 0% used [0x00000000ec000000,0x00000000ec000000,0x00000000ecd80000)
 ParOldGen       total 127488K, used 27892K [0x0000000081e00000, 0x0000000089a80000, 0x00000000d5f80000)
  object space 127488K, 21% used [0x0000000081e00000,0x000000008393d3b8,0x0000000089a80000)
 Metaspace       used 69105K, capacity 73160K, committed 73236K, reserved 1112064K
  class space    used 8901K, capacity 9742K, committed 9788K, reserved 1048576K
Event: 2927.588 GC heap after
Heap after GC invocations=35 (full 13):
 PSYoungGen      total 360960K, used 8320K [0x00000000d5f80000, 0x00000000ecd80000, 0x0000000100000000)
  eden space 347136K, 0% used [0x00000000d5f80000,0x00000000d5f80000,0x00000000eb280000)
  from space 13824K, 60% used [0x00000000ec000000,0x00000000ec820288,0x00000000ecd80000)
  to   space 13824K, 0% used [0x00000000eb280000,0x00000000eb280000,0x00000000ec000000)
 ParOldGen       total 127488K, used 27900K [0x0000000081e00000, 0x0000000089a80000, 0x00000000d5f80000)
  object space 127488K, 21% used [0x0000000081e00000,0x000000008393f3b8,0x0000000089a80000)
 Metaspace       used 69105K, capacity 73160K, committed 73236K, reserved 1112064K
  class space    used 8901K, capacity 9742K, committed 9788K, reserved 1048576K
}
Event: 2927.588 GC heap before
{Heap before GC invocations=36 (full 14):
 PSYoungGen      total 360960K, used 8320K [0x00000000d5f80000, 0x00000000ecd80000, 0x0000000100000000)
  eden space 347136K, 0% used [0x00000000d5f80000,0x00000000d5f80000,0x00000000eb280000)
  from space 13824K, 60% used [0x00000000ec000000,0x00000000ec820288,0x00000000ecd80000)
  to   space 13824K, 0% used [0x00000000eb280000,0x00000000eb280000,0x00000000ec000000)
 ParOldGen       total 127488K, used 27900K [0x0000000081e00000, 0x0000000089a80000, 0x00000000d5f80000)
  object space 127488K, 21% used [0x0000000081e00000,0x000000008393f3b8,0x0000000089a80000)
 Metaspace       used 69105K, capacity 73160K, committed 73236K, reserved 1112064K
  class space    used 8901K, capacity 9742K, committed 9788K, reserved 1048576K
Event: 2927.914 GC heap after
Heap after GC invocations=36 (full 14):
 PSYoungGen      total 360960K, used 0K [0x00000000d5f80000, 0x00000000ecd80000, 0x0000000100000000)
  eden space 347136K, 0% used [0x00000000d5f80000,0x00000000d5f80000,0x00000000eb280000)
  from space 13824K, 0% used [0x00000000ec000000,0x00000000ec000000,0x00000000ecd80000)
  to   space 13824K, 0% used [0x00000000eb280000,0x00000000eb280000,0x00000000ec000000)
 ParOldGen       total 127488K, used 30813K [0x0000000081e00000, 0x0000000089a80000, 0x00000000d5f80000)
  object space 127488K, 24% used [0x0000000081e00000,0x0000000083c175b8,0x0000000089a80000)
 Metaspace       used 69102K, capacity 73154K, committed 73236K, reserved 1112064K
  class space    used 8900K, capacity 9740K, committed 9788K, reserved 1048576K
}
Event: 3180.733 GC heap before
{Heap before GC invocations=37 (full 14):
 PSYoungGen      total 360960K, used 179951K [0x00000000d5f80000, 0x00000000ecd80000, 0x0000000100000000)
  eden space 347136K, 51% used [0x00000000d5f80000,0x00000000e0f3bc20,0x00000000eb280000)
  from space 13824K, 0% used [0x00000000ec000000,0x00000000ec000000,0x00000000ecd80000)
  to   space 13824K, 0% used [0x00000000eb280000,0x00000000eb280000,0x00000000ec000000)
 ParOldGen       total 127488K, used 30813K [0x0000000081e00000, 0x0000000089a80000, 0x00000000d5f80000)
  object space 127488K, 24% used [0x0000000081e00000,0x0000000083c175b8,0x0000000089a80000)
 Metaspace       used 69519K, capacity 73650K, committed 73876K, reserved 1114112K
  class space    used 8935K, capacity 9789K, committed 9916K, reserved 1048576K
Event: 3180.745 GC heap after
Heap after GC invocations=37 (full 14):
 PSYoungGen      total 352768K, used 5142K [0x00000000d5f80000, 0x00000000ecc80000, 0x0000000100000000)
  eden space 347136K, 0% used [0x00000000d5f80000,0x00000000d5f80000,0x00000000eb280000)
  from space 5632K, 91% used [0x00000000eb280000,0x00000000eb785978,0x00000000eb800000)
  to   space 13312K, 0% used [0x00000000ebf80000,0x00000000ebf80000,0x00000000ecc80000)
 ParOldGen       total 127488K, used 30813K [0x0000000081e00000, 0x0000000089a80000, 0x00000000d5f80000)
  object space 127488K, 24% used [0x0000000081e00000,0x0000000083c175b8,0x0000000089a80000)
 Metaspace       used 69519K, capacity 73650K, committed 73876K, reserved 1114112K
  class space    used 8935K, capacity 9789K, committed 9916K, reserved 1048576K
}
Event: 3180.745 GC heap before
{Heap before GC invocations=38 (full 15):
 PSYoungGen      total 352768K, used 5142K [0x00000000d5f80000, 0x00000000ecc80000, 0x0000000100000000)
  eden space 347136K, 0% used [0x00000000d5f80000,0x00000000d5f80000,0x00000000eb280000)
  from space 5632K, 91% used [0x00000000eb280000,0x00000000eb785978,0x00000000eb800000)
  to   space 13312K, 0% used [0x00000000ebf80000,0x00000000ebf80000,0x00000000ecc80000)
 ParOldGen       total 127488K, used 30813K [0x0000000081e00000, 0x0000000089a80000, 0x00000000d5f80000)
  object space 127488K, 24% used [0x0000000081e00000,0x0000000083c175b8,0x0000000089a80000)
 Metaspace       used 69519K, capacity 73650K, committed 73876K, reserved 1114112K
  class space    used 8935K, capacity 9789K, committed 9916K, reserved 1048576K
Event: 3181.081 GC heap after
Heap after GC invocations=38 (full 15):
 PSYoungGen      total 352768K, used 0K [0x00000000d5f80000, 0x00000000ecc80000, 0x0000000100000000)
  eden space 347136K, 0% used [0x00000000d5f80000,0x00000000d5f80000,0x00000000eb280000)
  from space 5632K, 0% used [0x00000000eb280000,0x00000000eb280000,0x00000000eb800000)
  to   space 13312K, 0% used [0x00000000ebf80000,0x00000000ebf80000,0x00000000ecc80000)
 ParOldGen       total 127488K, used 31477K [0x0000000081e00000, 0x0000000089a80000, 0x00000000d5f80000)
  object space 127488K, 24% used [0x0000000081e00000,0x0000000083cbd680,0x0000000089a80000)
 Metaspace       used 69519K, capacity 73650K, committed 73876K, reserved 1114112K
  class space    used 8935K, capacity 9789K, committed 9916K, reserved 1048576K
}

